2023-07-24 20:07:998 INFO  LoginPage :69 - Clicking on login link[[ChromeDriver: chrome on windows (b6cc00f51497499ffc31b4a658cfa0be)] -> xpath: //a[contains(text(),'Log in')]]
2023-07-24 20:07:846 INFO  LoginPage :69 - Clicking on login link[[ChromeDriver: chrome on windows (972aae8999d18c50ef9f73c126e28473)] -> xpath: //a[contains(text(),'Log in')]]
2023-07-24 21:07:486 INFO  LoginPage :69 - Clicking on login link[[ChromeDriver: chrome on windows (457b9449e378e2d943f788742ac020dc)] -> xpath: //a[contains(text(),'Log in')]]
2023-07-24 21:07:813 INFO  LoginPage :69 - Clicking on login link[[ChromeDriver: chrome on windows (38d534ab1e782c6eee494b7949f5a743)] -> xpath: //a[contains(text(),'Log in')]]
2023-07-24 21:07:899 INFO  LoginPage :54 - Entering emailField[[ChromeDriver: chrome on windows (38d534ab1e782c6eee494b7949f5a743)] -> id: Email]
2023-07-24 21:07:964 INFO  LoginPage :61 - Entering password Field[[ChromeDriver: chrome on windows (38d534ab1e782c6eee494b7949f5a743)] -> name: Password]
2023-07-24 21:07:970 INFO  LoginPage :45 - Clicking on login Button[[ChromeDriver: chrome on windows (38d534ab1e782c6eee494b7949f5a743)] -> xpath: //button[contains(text(),'Log in')]]
2023-07-24 21:07:740 INFO  LoginPage :69 - Clicking on login link[[ChromeDriver: chrome on windows (90e54e35272499198ca5eb6859c9b0aa)] -> xpath: //a[contains(text(),'Log in')]]
2023-07-24 21:07:826 INFO  LoginPage :54 - Entering emailField[[ChromeDriver: chrome on windows (90e54e35272499198ca5eb6859c9b0aa)] -> id: Email]
2023-07-24 21:07:903 INFO  LoginPage :61 - Entering password Field[[ChromeDriver: chrome on windows (90e54e35272499198ca5eb6859c9b0aa)] -> name: Password]
2023-07-24 21:07:260 INFO  LoginPage :45 - Clicking on login Button[[ChromeDriver: chrome on windows (90e54e35272499198ca5eb6859c9b0aa)] -> xpath: //button[contains(text(),'Log in')]]
2023-07-24 21:07:183 INFO  LoginPage :69 - Clicking on login link[[ChromeDriver: chrome on windows (793374b86ed520abaa9d16d5794b0c66)] -> xpath: //a[contains(text(),'Log in')]]
2023-07-24 21:07:379 INFO  LoginPage :69 - Clicking on login link[[ChromeDriver: chrome on windows (e8884e817707e461a4d9bb3d9e7a7cdc)] -> xpath: //a[contains(text(),'Log in')]]
2023-07-24 21:07:422 INFO  LoginPage :69 - Clicking on login link[[ChromeDriver: chrome on windows (65c4add23abebbb44c7c460011c9dc1e)] -> xpath: //a[contains(text(),'Log in')]]
2023-07-24 21:07:497 INFO  LoginPage :54 - Entering emailField[[ChromeDriver: chrome on windows (65c4add23abebbb44c7c460011c9dc1e)] -> id: Email]
2023-07-24 21:07:552 INFO  LoginPage :61 - Entering password Field[[ChromeDriver: chrome on windows (65c4add23abebbb44c7c460011c9dc1e)] -> name: Password]
2023-07-24 21:07:896 INFO  LoginPage :45 - Clicking on login Button[[ChromeDriver: chrome on windows (65c4add23abebbb44c7c460011c9dc1e)] -> xpath: //button[contains(text(),'Log in')]]
2023-07-24 21:07:415 INFO  LoginPage :69 - Clicking on login link[[ChromeDriver: chrome on windows (c14dd5cbbeed4bb2eac0ae4406a6974c)] -> xpath: //a[contains(text(),'Log in')]]
2023-07-24 21:07:494 INFO  LoginPage :54 - Entering emailField[[ChromeDriver: chrome on windows (c14dd5cbbeed4bb2eac0ae4406a6974c)] -> id: Email]
2023-07-24 21:07:572 INFO  LoginPage :61 - Entering password Field[[ChromeDriver: chrome on windows (c14dd5cbbeed4bb2eac0ae4406a6974c)] -> name: Password]
2023-07-24 21:07:896 INFO  LoginPage :45 - Clicking on login Button[[ChromeDriver: chrome on windows (c14dd5cbbeed4bb2eac0ae4406a6974c)] -> xpath: //button[contains(text(),'Log in')]]
2023-07-24 21:07:616 INFO  LoginPage :69 - Clicking on login link[[ChromeDriver: chrome on windows (61497b930631f75d7a06811f23b7d1c9)] -> xpath: //a[contains(text(),'Log in')]]
2023-07-24 21:07:704 INFO  LoginPage :54 - Entering emailField[[ChromeDriver: chrome on windows (61497b930631f75d7a06811f23b7d1c9)] -> id: Email]
2023-07-24 21:07:770 INFO  LoginPage :61 - Entering password Field[[ChromeDriver: chrome on windows (61497b930631f75d7a06811f23b7d1c9)] -> name: Password]
2023-07-24 21:07:202 INFO  LoginPage :45 - Clicking on login Button[[ChromeDriver: chrome on windows (61497b930631f75d7a06811f23b7d1c9)] -> xpath: //button[contains(text(),'Log in')]]
2023-07-24 21:07:552 INFO  LoginPage :69 - Clicking on login link[[ChromeDriver: chrome on windows (61497b930631f75d7a06811f23b7d1c9)] -> xpath: //a[contains(text(),'Log in')]]
2023-07-24 21:07:646 INFO  LoginPage :69 - Clicking on login link[[ChromeDriver: chrome on windows (5bde8a7c3fab9ee63e6538b53a086d1a)] -> xpath: //a[contains(text(),'Log in')]]
2023-07-24 21:07:753 INFO  LoginPage :69 - Clicking on login link[[ChromeDriver: chrome on windows (eb791c08d7b2f02fd2fda160797e95c1)] -> xpath: //a[contains(text(),'Log in')]]
2023-07-24 21:07:828 INFO  LoginPage :54 - Entering emailField[[ChromeDriver: chrome on windows (eb791c08d7b2f02fd2fda160797e95c1)] -> id: Email]
2023-07-24 21:07:889 INFO  LoginPage :61 - Entering password Field[[ChromeDriver: chrome on windows (eb791c08d7b2f02fd2fda160797e95c1)] -> name: Password]
2023-07-24 21:07:257 INFO  LoginPage :45 - Clicking on login Button[[ChromeDriver: chrome on windows (eb791c08d7b2f02fd2fda160797e95c1)] -> xpath: //button[contains(text(),'Log in')]]
2023-07-24 21:07:841 INFO  LoginPage :69 - Clicking on login link[[ChromeDriver: chrome on windows (d19d80b31f5069ba2699a3dcc924b7af)] -> xpath: //a[contains(text(),'Log in')]]
2023-07-24 21:07:905 INFO  LoginPage :54 - Entering emailField[[ChromeDriver: chrome on windows (d19d80b31f5069ba2699a3dcc924b7af)] -> id: Email]
2023-07-24 21:07:968 INFO  LoginPage :61 - Entering password Field[[ChromeDriver: chrome on windows (d19d80b31f5069ba2699a3dcc924b7af)] -> name: Password]
2023-07-24 21:07:320 INFO  LoginPage :45 - Clicking on login Button[[ChromeDriver: chrome on windows (d19d80b31f5069ba2699a3dcc924b7af)] -> xpath: //button[contains(text(),'Log in')]]
2023-07-24 21:07:679 INFO  LoginPage :69 - Clicking on login link[[ChromeDriver: chrome on windows (352d4f8aa647684bf13a1924dd6e4764)] -> xpath: //a[contains(text(),'Log in')]]
2023-07-24 21:07:742 INFO  LoginPage :54 - Entering emailField[[ChromeDriver: chrome on windows (352d4f8aa647684bf13a1924dd6e4764)] -> id: Email]
2023-07-24 21:07:796 INFO  LoginPage :61 - Entering password Field[[ChromeDriver: chrome on windows (352d4f8aa647684bf13a1924dd6e4764)] -> name: Password]
2023-07-24 21:07:134 INFO  LoginPage :45 - Clicking on login Button[[ChromeDriver: chrome on windows (352d4f8aa647684bf13a1924dd6e4764)] -> xpath: //button[contains(text(),'Log in')]]
2023-07-24 21:07:630 INFO  LoginPage :69 - Clicking on login link[[ChromeDriver: chrome on windows (3b249769bdae00b2cc8b951115d05e52)] -> xpath: //a[contains(text(),'Log in')]]
2023-07-24 21:07:358 INFO  LoginPage :69 - Clicking on login link[[ChromeDriver: chrome on windows (ddfbca07493a023b7d787af4a18a5da8)] -> xpath: //a[contains(text(),'Log in')]]
2023-07-24 21:07:443 INFO  LoginPage :54 - Entering emailField[[ChromeDriver: chrome on windows (ddfbca07493a023b7d787af4a18a5da8)] -> id: Email]
2023-07-24 21:07:514 INFO  LoginPage :61 - Entering password Field[[ChromeDriver: chrome on windows (ddfbca07493a023b7d787af4a18a5da8)] -> name: Password]
2023-07-24 21:07:845 INFO  LoginPage :45 - Clicking on login Button[[ChromeDriver: chrome on windows (ddfbca07493a023b7d787af4a18a5da8)] -> xpath: //button[contains(text(),'Log in')]]
2023-07-24 21:07:968 INFO  LoginPage :69 - Clicking on login link[[ChromeDriver: chrome on windows (0757a2814d80375d09e38e4ec592a932)] -> xpath: //a[contains(text(),'Log in')]]
2023-07-24 21:07:58 INFO  LoginPage :54 - Entering emailField[[ChromeDriver: chrome on windows (0757a2814d80375d09e38e4ec592a932)] -> id: Email]
2023-07-24 21:07:112 INFO  LoginPage :61 - Entering password Field[[ChromeDriver: chrome on windows (0757a2814d80375d09e38e4ec592a932)] -> name: Password]
2023-07-24 21:07:437 INFO  LoginPage :45 - Clicking on login Button[[ChromeDriver: chrome on windows (0757a2814d80375d09e38e4ec592a932)] -> xpath: //button[contains(text(),'Log in')]]
2023-07-24 21:07:837 INFO  LoginPage :69 - Clicking on login link[[ChromeDriver: chrome on windows (a15bc6eb78535aad245d065b8d162c92)] -> xpath: //a[contains(text(),'Log in')]]
2023-07-24 21:07:931 INFO  LoginPage :54 - Entering emailField[[ChromeDriver: chrome on windows (a15bc6eb78535aad245d065b8d162c92)] -> id: Email]
2023-07-24 21:07:990 INFO  LoginPage :61 - Entering password Field[[ChromeDriver: chrome on windows (a15bc6eb78535aad245d065b8d162c92)] -> name: Password]
2023-07-24 21:07:490 INFO  LoginPage :45 - Clicking on login Button[[ChromeDriver: chrome on windows (a15bc6eb78535aad245d065b8d162c92)] -> xpath: //button[contains(text(),'Log in')]]
2023-07-24 21:07:883 INFO  LoginPage :69 - Clicking on login link[[ChromeDriver: chrome on windows (a15bc6eb78535aad245d065b8d162c92)] -> xpath: //a[contains(text(),'Log in')]]
2023-07-24 21:07:563 INFO  LoginPage :69 - Clicking on login link[[ChromeDriver: chrome on windows (22ef52b904de90db35d3795aedbbc1fc)] -> xpath: //a[contains(text(),'Log in')]]
2023-07-24 21:07:643 INFO  LoginPage :54 - Entering emailField[[ChromeDriver: chrome on windows (22ef52b904de90db35d3795aedbbc1fc)] -> id: Email]
2023-07-24 21:07:711 INFO  LoginPage :61 - Entering password Field[[ChromeDriver: chrome on windows (22ef52b904de90db35d3795aedbbc1fc)] -> name: Password]
2023-07-24 21:07:345 INFO  LoginPage :45 - Clicking on login Button[[ChromeDriver: chrome on windows (22ef52b904de90db35d3795aedbbc1fc)] -> xpath: //button[contains(text(),'Log in')]]
2023-07-24 21:07:618 INFO  LoginPage :69 - Clicking on login link[[ChromeDriver: chrome on windows (0f93d51b015953817d2ba5cb8daf1d7c)] -> xpath: //a[contains(text(),'Log in')]]
2023-07-24 21:07:704 INFO  LoginPage :54 - Entering emailField[[ChromeDriver: chrome on windows (0f93d51b015953817d2ba5cb8daf1d7c)] -> id: Email]
2023-07-24 21:07:768 INFO  LoginPage :61 - Entering password Field[[ChromeDriver: chrome on windows (0f93d51b015953817d2ba5cb8daf1d7c)] -> name: Password]
2023-07-24 21:07:486 INFO  LoginPage :45 - Clicking on login Button[[ChromeDriver: chrome on windows (0f93d51b015953817d2ba5cb8daf1d7c)] -> xpath: //button[contains(text(),'Log in')]]
2023-07-24 21:07:425 INFO  LoginPage :69 - Clicking on login link[[ChromeDriver: chrome on windows (ce2189edd716ad663bf825dd9d7a3536)] -> xpath: //a[contains(text(),'Log in')]]
2023-07-24 21:07:492 INFO  LoginPage :54 - Entering emailField[[ChromeDriver: chrome on windows (ce2189edd716ad663bf825dd9d7a3536)] -> id: Email]
2023-07-24 21:07:559 INFO  LoginPage :61 - Entering password Field[[ChromeDriver: chrome on windows (ce2189edd716ad663bf825dd9d7a3536)] -> name: Password]
2023-07-24 21:07:967 INFO  LoginPage :45 - Clicking on login Button[[ChromeDriver: chrome on windows (ce2189edd716ad663bf825dd9d7a3536)] -> xpath: //button[contains(text(),'Log in')]]
2023-07-24 21:07:820 INFO  LoginPage :69 - Clicking on login link[[ChromeDriver: chrome on windows (b51084ea0a6048dbcf73188831d69982)] -> xpath: //a[contains(text(),'Log in')]]
2023-07-24 21:07:912 INFO  LoginPage :54 - Entering emailField[[ChromeDriver: chrome on windows (b51084ea0a6048dbcf73188831d69982)] -> id: Email]
2023-07-24 21:07:993 INFO  LoginPage :61 - Entering password Field[[ChromeDriver: chrome on windows (b51084ea0a6048dbcf73188831d69982)] -> name: Password]
2023-07-24 21:07:350 INFO  LoginPage :45 - Clicking on login Button[[ChromeDriver: chrome on windows (b51084ea0a6048dbcf73188831d69982)] -> xpath: //button[contains(text(),'Log in')]]
2023-07-24 21:07:683 INFO  LoginPage :69 - Clicking on login link[[ChromeDriver: chrome on windows (c54695b25f7b814319438c5cf5b8c263)] -> xpath: //a[contains(text(),'Log in')]]
2023-07-24 21:07:741 INFO  LoginPage :69 - Clicking on login link[[ChromeDriver: chrome on windows (218a0907e9ef69b1a1e9a56d3c47ea9d)] -> xpath: //a[contains(text(),'Log in')]]
2023-07-24 21:07:814 INFO  LoginPage :54 - Entering emailField[[ChromeDriver: chrome on windows (218a0907e9ef69b1a1e9a56d3c47ea9d)] -> id: Email]
2023-07-24 21:07:884 INFO  LoginPage :61 - Entering password Field[[ChromeDriver: chrome on windows (218a0907e9ef69b1a1e9a56d3c47ea9d)] -> name: Password]
2023-07-24 21:07:228 INFO  LoginPage :45 - Clicking on login Button[[ChromeDriver: chrome on windows (218a0907e9ef69b1a1e9a56d3c47ea9d)] -> xpath: //button[contains(text(),'Log in')]]
2023-07-24 21:07:06 INFO  LoginPage :69 - Clicking on login link[[ChromeDriver: chrome on windows (972a050f3376fefdb3f749c3b50f7f6d)] -> xpath: //a[contains(text(),'Log in')]]
2023-07-24 21:07:82 INFO  LoginPage :54 - Entering emailField[[ChromeDriver: chrome on windows (972a050f3376fefdb3f749c3b50f7f6d)] -> id: Email]
2023-07-24 21:07:162 INFO  LoginPage :61 - Entering password Field[[ChromeDriver: chrome on windows (972a050f3376fefdb3f749c3b50f7f6d)] -> name: Password]
2023-07-24 21:07:495 INFO  LoginPage :45 - Clicking on login Button[[ChromeDriver: chrome on windows (972a050f3376fefdb3f749c3b50f7f6d)] -> xpath: //button[contains(text(),'Log in')]]
2023-07-24 21:07:982 INFO  LoginPage :69 - Clicking on login link[[ChromeDriver: chrome on windows (581153a6eef8156b61bb71a1642cf427)] -> xpath: //a[contains(text(),'Log in')]]
2023-07-24 21:07:50 INFO  LoginPage :54 - Entering emailField[[ChromeDriver: chrome on windows (581153a6eef8156b61bb71a1642cf427)] -> id: Email]
2023-07-24 21:07:116 INFO  LoginPage :61 - Entering password Field[[ChromeDriver: chrome on windows (581153a6eef8156b61bb71a1642cf427)] -> name: Password]
2023-07-24 21:07:509 INFO  LoginPage :45 - Clicking on login Button[[ChromeDriver: chrome on windows (581153a6eef8156b61bb71a1642cf427)] -> xpath: //button[contains(text(),'Log in')]]
2023-07-24 21:07:747 INFO  LoginPage :69 - Clicking on login link[[ChromeDriver: chrome on windows (f9536e5796dedf9a8c83ab9baaec11a3)] -> xpath: //a[contains(text(),'Log in')]]
2023-07-24 21:07:491 INFO  LoginPage :69 - Clicking on login link[[ChromeDriver: chrome on windows (9a4112b857b390bde68f13fc84feddc4)] -> xpath: //a[contains(text(),'Log in')]]
2023-07-24 21:07:582 INFO  LoginPage :54 - Entering emailField[[ChromeDriver: chrome on windows (9a4112b857b390bde68f13fc84feddc4)] -> id: Email]
2023-07-24 21:07:667 INFO  LoginPage :61 - Entering password Field[[ChromeDriver: chrome on windows (9a4112b857b390bde68f13fc84feddc4)] -> name: Password]
2023-07-24 21:07:997 INFO  LoginPage :45 - Clicking on login Button[[ChromeDriver: chrome on windows (9a4112b857b390bde68f13fc84feddc4)] -> xpath: //button[contains(text(),'Log in')]]
2023-07-24 21:07:134 INFO  LoginPage :69 - Clicking on login link[[ChromeDriver: chrome on windows (1a27085ca05f678319fa9b55aa5dc200)] -> xpath: //a[contains(text(),'Log in')]]
2023-07-24 21:07:234 INFO  LoginPage :54 - Entering emailField[[ChromeDriver: chrome on windows (1a27085ca05f678319fa9b55aa5dc200)] -> id: Email]
2023-07-24 21:07:311 INFO  LoginPage :61 - Entering password Field[[ChromeDriver: chrome on windows (1a27085ca05f678319fa9b55aa5dc200)] -> name: Password]
2023-07-24 21:07:308 INFO  LoginPage :45 - Clicking on login Button[[ChromeDriver: chrome on windows (1a27085ca05f678319fa9b55aa5dc200)] -> xpath: //button[contains(text(),'Log in')]]
2023-07-24 21:07:254 INFO  LoginPage :69 - Clicking on login link[[ChromeDriver: chrome on windows (43507ce1cb35d5a4714b23c4f610c545)] -> xpath: //a[contains(text(),'Log in')]]
2023-07-24 21:07:352 INFO  LoginPage :54 - Entering emailField[[ChromeDriver: chrome on windows (43507ce1cb35d5a4714b23c4f610c545)] -> id: Email]
2023-07-24 21:07:448 INFO  LoginPage :61 - Entering password Field[[ChromeDriver: chrome on windows (43507ce1cb35d5a4714b23c4f610c545)] -> name: Password]
2023-07-24 21:07:61 INFO  LoginPage :45 - Clicking on login Button[[ChromeDriver: chrome on windows (43507ce1cb35d5a4714b23c4f610c545)] -> xpath: //button[contains(text(),'Log in')]]
2023-07-24 21:07:667 INFO  LoginPage :105 - Clicking on log out link[[ChromeDriver: chrome on windows (43507ce1cb35d5a4714b23c4f610c545)] -> xpath: //a[contains(text(),'Log out')]]
2023-07-24 21:07:310 INFO  LoginPage :69 - Clicking on login link[[ChromeDriver: chrome on windows (9d34d8092116a482d23c3e845749c55e)] -> xpath: //a[contains(text(),'Log in')]]
2023-07-24 21:07:372 INFO  LoginPage :69 - Clicking on login link[[ChromeDriver: chrome on windows (d19d80d795cc83274014c95a9d4bc903)] -> xpath: //a[contains(text(),'Log in')]]
2023-07-24 21:07:463 INFO  LoginPage :54 - Entering emailField[[ChromeDriver: chrome on windows (d19d80d795cc83274014c95a9d4bc903)] -> id: Email]
2023-07-24 21:07:547 INFO  LoginPage :61 - Entering password Field[[ChromeDriver: chrome on windows (d19d80d795cc83274014c95a9d4bc903)] -> name: Password]
2023-07-24 21:07:989 INFO  LoginPage :45 - Clicking on login Button[[ChromeDriver: chrome on windows (d19d80d795cc83274014c95a9d4bc903)] -> xpath: //button[contains(text(),'Log in')]]
2023-07-24 21:07:398 INFO  LoginPage :69 - Clicking on login link[[ChromeDriver: chrome on windows (a802fd25e1e436d089cb3d92c473d36e)] -> xpath: //a[contains(text(),'Log in')]]
2023-07-24 21:07:501 INFO  LoginPage :54 - Entering emailField[[ChromeDriver: chrome on windows (a802fd25e1e436d089cb3d92c473d36e)] -> id: Email]
2023-07-24 21:07:598 INFO  LoginPage :61 - Entering password Field[[ChromeDriver: chrome on windows (a802fd25e1e436d089cb3d92c473d36e)] -> name: Password]
2023-07-24 21:07:430 INFO  LoginPage :45 - Clicking on login Button[[ChromeDriver: chrome on windows (a802fd25e1e436d089cb3d92c473d36e)] -> xpath: //button[contains(text(),'Log in')]]
2023-07-24 21:07:721 INFO  LoginPage :69 - Clicking on login link[[ChromeDriver: chrome on windows (48729727abb0c7382267a36b6c756096)] -> xpath: //a[contains(text(),'Log in')]]
2023-07-24 21:07:839 INFO  LoginPage :54 - Entering emailField[[ChromeDriver: chrome on windows (48729727abb0c7382267a36b6c756096)] -> id: Email]
2023-07-24 21:07:950 INFO  LoginPage :61 - Entering password Field[[ChromeDriver: chrome on windows (48729727abb0c7382267a36b6c756096)] -> name: Password]
2023-07-24 21:07:859 INFO  LoginPage :45 - Clicking on login Button[[ChromeDriver: chrome on windows (48729727abb0c7382267a36b6c756096)] -> xpath: //button[contains(text(),'Log in')]]
2023-07-24 21:07:724 INFO  LoginPage :105 - Clicking on log out link[[ChromeDriver: chrome on windows (48729727abb0c7382267a36b6c756096)] -> xpath: //a[contains(text(),'Log out')]]
2023-07-24 21:07:505 INFO  LoginPage :69 - Clicking on login link[[ChromeDriver: chrome on windows (8d1c7649d55ea3b01502800bdeebb0d5)] -> xpath: //a[contains(text(),'Log in')]]
2023-07-24 21:07:283 INFO  LoginPage :69 - Clicking on login link[[ChromeDriver: chrome on windows (5f06d94d078533f3bb58eaa34afc1a34)] -> xpath: //a[contains(text(),'Log in')]]
2023-07-24 21:07:414 INFO  LoginPage :54 - Entering emailField[[ChromeDriver: chrome on windows (5f06d94d078533f3bb58eaa34afc1a34)] -> id: Email]
2023-07-24 21:07:564 INFO  LoginPage :61 - Entering password Field[[ChromeDriver: chrome on windows (5f06d94d078533f3bb58eaa34afc1a34)] -> name: Password]
2023-07-24 21:07:314 INFO  LoginPage :45 - Clicking on login Button[[ChromeDriver: chrome on windows (5f06d94d078533f3bb58eaa34afc1a34)] -> xpath: //button[contains(text(),'Log in')]]
2023-07-24 21:07:370 INFO  LoginPage :69 - Clicking on login link[[ChromeDriver: chrome on windows (265d97145252f2d1214d7a5a05cf3189)] -> xpath: //a[contains(text(),'Log in')]]
2023-07-24 21:07:599 INFO  LoginPage :54 - Entering emailField[[ChromeDriver: chrome on windows (265d97145252f2d1214d7a5a05cf3189)] -> id: Email]
2023-07-24 21:07:751 INFO  LoginPage :61 - Entering password Field[[ChromeDriver: chrome on windows (265d97145252f2d1214d7a5a05cf3189)] -> name: Password]
2023-07-24 21:07:417 INFO  LoginPage :45 - Clicking on login Button[[ChromeDriver: chrome on windows (265d97145252f2d1214d7a5a05cf3189)] -> xpath: //button[contains(text(),'Log in')]]
2023-07-24 21:07:712 INFO  LoginPage :69 - Clicking on login link[[ChromeDriver: chrome on windows (581aca9379d2ceb84bba5cb328ac2e35)] -> xpath: //a[contains(text(),'Log in')]]
2023-07-24 21:07:889 INFO  LoginPage :54 - Entering emailField[[ChromeDriver: chrome on windows (581aca9379d2ceb84bba5cb328ac2e35)] -> id: Email]
2023-07-24 21:07:109 INFO  LoginPage :61 - Entering password Field[[ChromeDriver: chrome on windows (581aca9379d2ceb84bba5cb328ac2e35)] -> name: Password]
2023-07-24 21:07:808 INFO  LoginPage :45 - Clicking on login Button[[ChromeDriver: chrome on windows (581aca9379d2ceb84bba5cb328ac2e35)] -> xpath: //button[contains(text(),'Log in')]]
2023-07-24 21:07:812 INFO  LoginPage :105 - Clicking on log out link[[ChromeDriver: chrome on windows (581aca9379d2ceb84bba5cb328ac2e35)] -> xpath: //a[contains(text(),'Log out')]]
2023-07-24 21:07:09 INFO  LoginPage :69 - Clicking on login link[[ChromeDriver: chrome on windows (26524f7907b30c15b36294996bbd9687)] -> xpath: //a[contains(text(),'Log in')]]
2023-07-24 21:07:305 INFO  LoginPage :54 - Entering emailField[[ChromeDriver: chrome on windows (26524f7907b30c15b36294996bbd9687)] -> id: Email]
2023-07-24 21:07:468 INFO  LoginPage :61 - Entering password Field[[ChromeDriver: chrome on windows (26524f7907b30c15b36294996bbd9687)] -> name: Password]
2023-07-24 21:07:100 INFO  LoginPage :45 - Clicking on login Button[[ChromeDriver: chrome on windows (26524f7907b30c15b36294996bbd9687)] -> xpath: //button[contains(text(),'Log in')]]
2023-07-24 21:07:564 INFO  LoginPage :69 - Clicking on login link[[ChromeDriver: chrome on windows (fe2ca25178864e1e82e59b4843dd3598)] -> xpath: //a[contains(text(),'Log in')]]
2023-07-24 21:07:537 INFO  LoginPage :69 - Clicking on login link[[ChromeDriver: chrome on windows (0ca3fc0f88adf798c8915118f8823075)] -> xpath: //a[contains(text(),'Log in')]]
2023-07-24 21:07:836 INFO  LoginPage :54 - Entering emailField[[ChromeDriver: chrome on windows (0ca3fc0f88adf798c8915118f8823075)] -> id: Email]
2023-07-24 21:07:18 INFO  LoginPage :61 - Entering password Field[[ChromeDriver: chrome on windows (0ca3fc0f88adf798c8915118f8823075)] -> name: Password]
2023-07-24 21:07:679 INFO  LoginPage :45 - Clicking on login Button[[ChromeDriver: chrome on windows (0ca3fc0f88adf798c8915118f8823075)] -> xpath: //button[contains(text(),'Log in')]]
2023-07-24 21:07:20 INFO  LoginPage :69 - Clicking on login link[[ChromeDriver: chrome on windows (f6bafca5ca7c1f2b448af51d247b4417)] -> xpath: //a[contains(text(),'Log in')]]
2023-07-24 21:07:185 INFO  LoginPage :54 - Entering emailField[[ChromeDriver: chrome on windows (f6bafca5ca7c1f2b448af51d247b4417)] -> id: Email]
2023-07-24 21:07:401 INFO  LoginPage :61 - Entering password Field[[ChromeDriver: chrome on windows (f6bafca5ca7c1f2b448af51d247b4417)] -> name: Password]
2023-07-24 21:07:805 INFO  LoginPage :45 - Clicking on login Button[[ChromeDriver: chrome on windows (f6bafca5ca7c1f2b448af51d247b4417)] -> xpath: //button[contains(text(),'Log in')]]
2023-07-24 21:07:798 INFO  LoginPage :69 - Clicking on login link[[ChromeDriver: chrome on windows (adec7bd6503e2c09ce61fabdabd9867c)] -> xpath: //a[contains(text(),'Log in')]]
2023-07-24 21:07:406 INFO  LoginPage :54 - Entering emailField[[ChromeDriver: chrome on windows (adec7bd6503e2c09ce61fabdabd9867c)] -> id: Email]
2023-07-24 21:07:578 INFO  LoginPage :61 - Entering password Field[[ChromeDriver: chrome on windows (adec7bd6503e2c09ce61fabdabd9867c)] -> name: Password]
2023-07-24 21:07:285 INFO  LoginPage :45 - Clicking on login Button[[ChromeDriver: chrome on windows (adec7bd6503e2c09ce61fabdabd9867c)] -> xpath: //button[contains(text(),'Log in')]]
2023-07-24 21:07:344 INFO  LoginPage :105 - Clicking on log out link[[ChromeDriver: chrome on windows (adec7bd6503e2c09ce61fabdabd9867c)] -> xpath: //a[contains(text(),'Log out')]]
2023-07-24 23:07:900 INFO  RegisterPage :222 - Clicking on register link [[ChromeDriver: chrome on windows (3461ba80a670c8d458ecb5d312603eea)] -> xpath: //a[contains(text(),'Register')]]
2023-07-24 23:07:976 INFO  RegisterPage :66 - clicking on gender Field[[ChromeDriver: chrome on windows (3461ba80a670c8d458ecb5d312603eea)] -> xpath: //input[@id='gender-female']]
2023-07-24 23:07:44 INFO  RegisterPage :79 - Entering the firstName[[ChromeDriver: chrome on windows (3461ba80a670c8d458ecb5d312603eea)] -> xpath: //input[@id='FirstName']]
2023-07-24 23:07:94 INFO  RegisterPage :90 - Entering the lastName[[ChromeDriver: chrome on windows (3461ba80a670c8d458ecb5d312603eea)] -> xpath: //input[@id='LastName']]
2023-07-24 23:07:404 INFO  RegisterPage :222 - Clicking on register link [[ChromeDriver: chrome on windows (f375b275eb161ef55668ee0b1fee6556)] -> xpath: //a[contains(text(),'Register')]]
2023-07-24 23:07:477 INFO  RegisterPage :66 - clicking on gender Field[[ChromeDriver: chrome on windows (f375b275eb161ef55668ee0b1fee6556)] -> xpath: //input[@id='gender-female']]
2023-07-24 23:07:536 INFO  RegisterPage :79 - Entering the firstName[[ChromeDriver: chrome on windows (f375b275eb161ef55668ee0b1fee6556)] -> xpath: //input[@id='FirstName']]
2023-07-24 23:07:588 INFO  RegisterPage :90 - Entering the lastName[[ChromeDriver: chrome on windows (f375b275eb161ef55668ee0b1fee6556)] -> xpath: //input[@id='LastName']]
2023-07-24 23:07:867 INFO  RegisterPage :132 - Entering the email[[ChromeDriver: chrome on windows (f375b275eb161ef55668ee0b1fee6556)] -> xpath: //input[@id='Email']]
2023-07-24 23:07:290 INFO  RegisterPage :222 - Clicking on register link [[ChromeDriver: chrome on windows (e54f759818a0e0a93e82fe8977059b9d)] -> xpath: //a[contains(text(),'Register')]]
2023-07-24 23:07:351 INFO  RegisterPage :66 - clicking on gender Field[[ChromeDriver: chrome on windows (e54f759818a0e0a93e82fe8977059b9d)] -> xpath: //input[@id='gender-female']]
2023-07-24 23:07:415 INFO  RegisterPage :79 - Entering the firstName[[ChromeDriver: chrome on windows (e54f759818a0e0a93e82fe8977059b9d)] -> xpath: //input[@id='FirstName']]
2023-07-24 23:07:482 INFO  RegisterPage :90 - Entering the lastName[[ChromeDriver: chrome on windows (e54f759818a0e0a93e82fe8977059b9d)] -> xpath: //input[@id='LastName']]
2023-07-24 23:07:901 INFO  RegisterPage :132 - Entering the email[[ChromeDriver: chrome on windows (e54f759818a0e0a93e82fe8977059b9d)] -> xpath: //input[@id='Email']]
2023-07-24 23:07:980 INFO  RegisterPage :151 - Entering the password[[ChromeDriver: chrome on windows (e54f759818a0e0a93e82fe8977059b9d)] -> xpath: //input[@id='Password']]
2023-07-24 23:07:65 INFO  RegisterPage :165 - Entering the confirm password[[ChromeDriver: chrome on windows (e54f759818a0e0a93e82fe8977059b9d)] -> xpath: //input[@id='ConfirmPassword']]
2023-07-24 23:07:631 INFO  RegisterPage :201 - Clicking on register Button [[ChromeDriver: chrome on windows (e54f759818a0e0a93e82fe8977059b9d)] -> xpath: //button[@id='register-button']]
2023-07-24 23:07:416 INFO  RegisterPage :222 - Clicking on register link [[ChromeDriver: chrome on windows (e942e49acc797fb1cb5a89f89179671e)] -> xpath: //a[contains(text(),'Register')]]
2023-07-24 23:07:484 INFO  RegisterPage :222 - Clicking on register link [[ChromeDriver: chrome on windows (94b130bba3ac7065d151c9e0ba0caac7)] -> xpath: //a[contains(text(),'Register')]]
2023-07-24 23:07:575 INFO  RegisterPage :201 - Clicking on register Button [[ChromeDriver: chrome on windows (94b130bba3ac7065d151c9e0ba0caac7)] -> xpath: //button[@id='register-button']]
2023-07-24 23:07:613 INFO  ComputerPage :35 - Clicking on computer[[ChromeDriver: chrome on windows (8cea6dfd69da9aebbeb1d213ef5aa16b)] -> xpath: //body/div[6]/div[2]/ul[1]/li[1]/a[1]]
2023-07-24 23:07:173 INFO  ComputerPage :35 - Clicking on computer[[ChromeDriver: chrome on windows (aaf59347163dad9e69e624b3913204b6)] -> xpath: //body/div[6]/div[2]/ul[1]/li[1]/a[1]]
2023-07-24 23:07:314 INFO  ComputerPage :35 - Clicking on computer[[ChromeDriver: chrome on windows (436c03ac968e69143fd5adf4877487f0)] -> xpath: //body/div[6]/div[2]/ul[1]/li[1]/a[1]]
2023-07-24 23:07:814 INFO  ComputerPage :35 - Clicking on computer[[ChromeDriver: chrome on windows (6662e8e3e8d906f278b493d03c5a7f5a)] -> xpath: //body/div[6]/div[2]/ul[1]/li[1]/a[1]]
2023-07-24 23:07:215 INFO  ComputerPage :35 - Clicking on computer[[ChromeDriver: chrome on windows (a9ce52411b660c0464240eaba2d0da14)] -> xpath: //body/div[6]/div[2]/ul[1]/li[1]/a[1]]
2023-07-24 23:07:566 INFO  ComputerPage :35 - Clicking on computer[[ChromeDriver: chrome on windows (839071b8368299411bae8515d8d8e653)] -> xpath: //body/div[6]/div[2]/ul[1]/li[1]/a[1]]
2023-07-24 23:07:382 INFO  ComputerPage :35 - Clicking on computer[[ChromeDriver: chrome on windows (7308d34c2d9c5a562bc76c1b3842d049)] -> xpath: //body/div[6]/div[2]/ul[1]/li[1]/a[1]]
2023-07-24 23:07:124 INFO  ComputerPage :35 - Clicking on computer[[ChromeDriver: chrome on windows (2ee529b0870b35c0d4dbf270927fa7f9)] -> xpath: //body/div[6]/div[2]/ul[1]/li[1]/a[1]]
2023-07-24 23:07:251 INFO  ComputerPage :35 - Clicking on computer[[ChromeDriver: chrome on windows (097963391e38fb3b14d81c8fdf53c633)] -> xpath: //body/div[6]/div[2]/ul[1]/li[1]/a[1]]
2023-07-24 23:07:21 INFO  ComputerPage :35 - Clicking on computer[[ChromeDriver: chrome on windows (877c69bd97dde1b1dd0186c217dcc841)] -> xpath: //body/div[6]/div[2]/ul[1]/li[1]/a[1]]
2023-07-24 23:07:348 INFO  ComputerPage :35 - Clicking on computer[[ChromeDriver: chrome on windows (b042cce4b0772c285176a8592158831e)] -> xpath: //body/div[6]/div[2]/ul[1]/li[1]/a[1]]
